C:\Program Files (x86)\Microsoft Visual Studio\2019\Community\MSBuild\Microsoft\VC\v160\Microsoft.CppBuild.targets(499,5): warning MSB8004: Output Directory does not end with a trailing slash.  This build instance will add the slash as it is required to allow proper evaluation of the Output Directory.
  stdafx.cpp
  dllmain.cpp
  RapidMath2D.cpp
C:\Program Files (x86)\Microsoft Visual Studio\2019\Community\VC\Tools\MSVC\14.29.30133\include\xutility(4198,18): warning C4244: '=': conversion from 'const wchar_t' to 'char', possible loss of data
C:\Program Files (x86)\Microsoft Visual Studio\2019\Community\VC\Tools\MSVC\14.29.30133\include\xutility(4210): message : see reference to function template instantiation '_OutIt *std::_Copy_unchecked<const wchar_t*,char*>(_InIt,_InIt,_OutIt)' being compiled
          with
          [
              _OutIt=char *,
              _InIt=const wchar_t *
          ]
D:\Rapid-i\git\rapid-i\Source\RapidMath2D\Engine\RapidMath2D.cpp(970): message : see reference to function template instantiation '_OutIt std::copy<std::_String_const_iterator<std::_String_val<std::_Simple_types<_Elem>>>,std::_String_iterator<std::_String_val<std::_Simple_types<char>>>>(_InIt,_InIt,_OutIt)' being compiled
          with
          [
              _OutIt=std::_String_iterator<std::_String_val<std::_Simple_types<char>>>,
              _Elem=wchar_t,
              _InIt=std::_String_const_iterator<std::_String_val<std::_Simple_types<wchar_t>>>
          ]
LINK : warning LNK4075: ignoring '/INCREMENTAL' due to '/OPT:ICF' specification
     Creating library D:\Rapid-i\git\rapid-i\Builds\x64\Release\RapidMath2D.lib and object D:\Rapid-i\git\rapid-i\Builds\x64\Release\RapidMath2D.exp
  RapidMath2D.vcxproj -> D:\Rapid-i\git\rapid-i\Builds\x64\Release\RapidMath2D.dll
