d:\rapid-i\source\rapidmath3d\rapidmath3d.pch
d:\rapid-i\source\rapidmath3d\vc142.pdb
d:\rapid-i\source\rapidmath3d\stdafx.obj
d:\rapid-i\source\rapidmath3d\dllmain.obj
d:\rapid-i\source\rapidmath3d\rapidmath3d.obj
d:\rapid-i\git\rapid-i\builds\x64\debug\rapidmath3d.dll
d:\rapid-i\git\rapid-i\builds\x64\debug\rapidmath3d.ilk
d:\rapid-i\git\rapid-i\builds\x64\debug\rapidmath3d.pdb
d:\rapid-i\git\rapid-i\builds\x64\debug\rapidmath3d.lib
d:\rapid-i\git\rapid-i\builds\x64\debug\rapidmath3d.exp
d:\rapid-i\source\rapidmath3d\rapidmath3d.res
d:\rapid-i\source\rapidmath3d\rapidmath3d.tlog\cl.command.1.tlog
d:\rapid-i\source\rapidmath3d\rapidmath3d.tlog\cl.read.1.tlog
d:\rapid-i\source\rapidmath3d\rapidmath3d.tlog\cl.write.1.tlog
d:\rapid-i\source\rapidmath3d\rapidmath3d.tlog\link.17520.delete.1.tlog
d:\rapid-i\source\rapidmath3d\rapidmath3d.tlog\link.command.1.tlog
d:\rapid-i\source\rapidmath3d\rapidmath3d.tlog\link.read.1.tlog
d:\rapid-i\source\rapidmath3d\rapidmath3d.tlog\link.write.1.tlog
d:\rapid-i\source\rapidmath3d\rapidmath3d.tlog\rapidmath3d.write.1u.tlog
d:\rapid-i\source\rapidmath3d\rapidmath3d.tlog\rc.command.1.tlog
d:\rapid-i\source\rapidmath3d\rapidmath3d.tlog\rc.read.1.tlog
d:\rapid-i\source\rapidmath3d\rapidmath3d.tlog\rc.write.1.tlog
