d:\rapid-i\source\rapidmath2d\rapidmath2d.pch
d:\rapid-i\source\rapidmath2d\vc142.pdb
d:\rapid-i\source\rapidmath2d\stdafx.obj
d:\rapid-i\source\rapidmath2d\dllmain.obj
d:\rapid-i\source\rapidmath2d\rapidmath2d.obj
d:\rapid-i\git\rapid-i\builds\x64\release\rapidmath2d.dll
d:\rapid-i\builds\x64\debug\rapidmath2d.lib
d:\rapid-i\builds\x64\debug\rapidmath2d.exp
d:\rapid-i\git\rapid-i\builds\x64\release\rapidmath2d.lib
d:\rapid-i\git\rapid-i\builds\x64\release\rapidmath2d.exp
d:\rapid-i\source\rapidmath2d\rapidmath2d.res
d:\rapid-i\source\rapidmath2d\rapidmath2d.tlog\cl.command.1.tlog
d:\rapid-i\source\rapidmath2d\rapidmath2d.tlog\cl.read.1.tlog
d:\rapid-i\source\rapidmath2d\rapidmath2d.tlog\cl.write.1.tlog
d:\rapid-i\source\rapidmath2d\rapidmath2d.tlog\link.command.1.tlog
d:\rapid-i\source\rapidmath2d\rapidmath2d.tlog\link.read.1.tlog
d:\rapid-i\source\rapidmath2d\rapidmath2d.tlog\link.write.1.tlog
d:\rapid-i\source\rapidmath2d\rapidmath2d.tlog\rapidmath2d.write.1u.tlog
d:\rapid-i\source\rapidmath2d\rapidmath2d.tlog\rc.command.1.tlog
d:\rapid-i\source\rapidmath2d\rapidmath2d.tlog\rc.read.1.tlog
d:\rapid-i\source\rapidmath2d\rapidmath2d.tlog\rc.write.1.tlog
